<?xml version="1.0" encoding="UTF-8"?>
<!-- Generated by org.testng.reporters.JUnitReportReporter -->
<testsuite hostname="DESKTOP-OJBKEDR" failures="0" tests="3" name="stepDefinition.LoginTest" time="8.597" errors="0" timestamp="2019-10-12T22:54:57 CEST" skipped="0">
  <testcase classname="stepDefinition.LoginTest" name="goToLoginPage" time="0.069"/>
  <testcase classname="stepDefinition.LoginTest" name="verifyLoginPageTitle" time="0.021"/>
  <testcase classname="stepDefinition.LoginTest" name="loginUser" time="8.507"/>
</testsuite> <!-- stepDefinition.LoginTest -->
