<?xml version="1.0" encoding="UTF-8"?>
<!-- Generated by org.testng.reporters.JUnitReportReporter -->
<testsuite hostname="DESKTOP-OJBKEDR" failures="0" tests="3" name="stepDefinition.LoginTest" time="6.498" errors="0" timestamp="2019-10-12T16:08:32 CEST" skipped="0">
  <testcase classname="stepDefinition.LoginTest" name="goToLoginPage" time="0.034"/>
  <testcase classname="stepDefinition.LoginTest" name="verifyLoginPageTitle" time="0.014"/>
  <testcase classname="stepDefinition.LoginTest" name="loginUser" time="6.450"/>
</testsuite> <!-- stepDefinition.LoginTest -->
