<?xml version="1.0" encoding="UTF-8"?>
<!-- Generated by org.testng.reporters.JUnitReportReporter -->
<testsuite hostname="DESKTOP-OJBKEDR" failures="0" tests="4" name="stepDefinition.RegistrationTest" time="3.112" errors="0" timestamp="2019-10-14T19:54:39 CEST" skipped="0">
  <testcase classname="stepDefinition.RegistrationTest" name="verifyHomepageTitle" time="0.031"/>
  <testcase classname="stepDefinition.RegistrationTest" name="registerUser" time="0.785"/>
  <testcase classname="stepDefinition.RegistrationTest" name="verifyregiserpageTitle" time="0.007"/>
  <testcase classname="stepDefinition.RegistrationTest" name="EnterUSerDetails" time="2.289"/>
</testsuite> <!-- stepDefinition.RegistrationTest -->
