<?xml version="1.0" encoding="UTF-8"?>
<!-- Generated by org.testng.reporters.JUnitReportReporter -->
<testsuite hostname="DESKTOP-OJBKEDR" failures="0" tests="3" name="stepDefinition.Reservation2Test" time="2.249" errors="0" timestamp="2019-10-14T19:54:39 CEST" skipped="0">
  <testcase classname="stepDefinition.Reservation2Test" name="goToRegervation2Page" time="0.015"/>
  <testcase classname="stepDefinition.Reservation2Test" name="FlightesDetails" time="0.068"/>
  <testcase classname="stepDefinition.Reservation2Test" name="Continue2" time="2.166"/>
</testsuite> <!-- stepDefinition.Reservation2Test -->
