<?xml version="1.0" encoding="UTF-8"?>
<!-- Generated by org.testng.reporters.JUnitReportReporter -->
<testsuite hostname="DESKTOP-OJBKEDR" failures="0" tests="4" name="stepDefinition.ReservationTest" time="2.067" errors="0" timestamp="2019-10-14T19:54:39 CEST" skipped="0">
  <testcase classname="stepDefinition.ReservationTest" name="goToRegistrationPage" time="0.000"/>
  <testcase classname="stepDefinition.ReservationTest" name="selectFlightDetails" time="0.795"/>
  <testcase classname="stepDefinition.ReservationTest" name="selectPreferenceDetails" time="0.158"/>
  <testcase classname="stepDefinition.ReservationTest" name="ClickContinue" time="1.114"/>
</testsuite> <!-- stepDefinition.ReservationTest -->
